<?xml version="1.0" encoding="UTF-8"?>
<!-- Generated by org.testng.reporters.JUnitXMLReporter -->
<testsuite hostname="sunny-VirtualBox" ignored="0" name="Default test" tests="2" failures="0" timestamp="2021-07-18T20:51:19 IST" time="37.535" errors="0">
  <testcase name="runScenario" time="22.301" classname="io.cucumber.testng.AbstractTestNGCucumberTests"/>
  <testcase name="runScenario" time="13.743" classname="io.cucumber.testng.AbstractTestNGCucumberTests"/>
</testsuite> <!-- Default test -->
