<?xml version="1.0" encoding="UTF-8"?>
<testng-results skipped="0" failed="0" ignored="0" total="1" passed="1">
  <reporter-output>
  </reporter-output>
  <suite name="Default suite" duration-ms="4416" started-at="2022-08-29T12:37:53 IST" finished-at="2022-08-29T12:37:57 IST">
    <groups>
    </groups>
    <test name="Default test" duration-ms="4416" started-at="2022-08-29T12:37:53 IST" finished-at="2022-08-29T12:37:57 IST">
      <class name="soapandrestpractice.SoapApiPractice">
        <test-method status="PASS" signature="testSoapRequest()[pri:0, instance:soapandrestpractice.SoapApiPractice@710726a3]" name="testSoapRequest" duration-ms="4304" started-at="2022-08-29T12:37:53 IST" finished-at="2022-08-29T12:37:57 IST">
          <reporter-output>
          </reporter-output>
        </test-method> <!-- testSoapRequest -->
      </class> <!-- soapandrestpractice.SoapApiPractice -->
    </test> <!-- Default test -->
  </suite> <!-- Default suite -->
</testng-results>
