<?xml version="1.0" encoding="UTF-8"?>
<!-- Generated by org.testng.reporters.JUnitXMLReporter -->
<testsuite hostname="sunny-VirtualBox" ignored="0" name="Test Basics 1" tests="2" failures="0" timestamp="2021-07-19T23:13:29 IST" time="36.8" errors="0">
  <testcase name="runScenario" time="20.467" classname="io.cucumber.testng.AbstractTestNGCucumberTests"/>
  <testcase name="runScenario" time="14.908" classname="io.cucumber.testng.AbstractTestNGCucumberTests"/>
</testsuite> <!-- Test Basics 1 -->
